<?xml version="1.0" encoding="UTF-8"?>
<!-- Generated by org.testng.reporters.JUnitReportReporter -->
<testsuite skipped="0" hostname="YongtaeSonui-iMac.local" name="testNG_ex.testNG_example" tests="2" failures="0" timestamp="12 Jan 2019 12:04:10 GMT" time="0.021" errors="0">
  <testcase name="tx1" time="0.016" classname="testNG_ex.testNG_example"/>
  <testcase name="tx2" time="0.005" classname="testNG_ex.testNG_example"/>
</testsuite> <!-- testNG_ex.testNG_example -->
