<?xml version="1.0" encoding="UTF-8"?>
<!-- Generated by org.testng.reporters.JUnitReportReporter -->
<testsuite skipped="0" hostname="YongtaeSonui-iMac.local" name="com.ericsson.sgsn_mme.djcat.fw.CucumberSystemTestCase" tests="1" failures="0" timestamp="12 Jan 2019 12:04:10 GMT" time="0.006" errors="0">
  <testcase name="testNGCucumberRunner" time="0.006" classname="com.ericsson.sgsn_mme.djcat.fw.CucumberSystemTestCase"/>
</testsuite> <!-- com.ericsson.sgsn_mme.djcat.fw.CucumberSystemTestCase -->
